Build: 3-networks-svpc	Tidy	﻿2026-04-21T16:54:19.0994238Z ##[group]Run go mod tidy
Build: 3-networks-svpc	Tidy	2026-04-21T16:54:19.0994533Z [36;1mgo mod tidy[0m
Build: 3-networks-svpc	Tidy	2026-04-21T16:54:19.1052467Z shell: /usr/bin/bash -e {0}
Build: 3-networks-svpc	Tidy	2026-04-21T16:54:19.1052742Z env:
Build: 3-networks-svpc	Tidy	2026-04-21T16:54:19.1052918Z   GOWORK: off
Build: 3-networks-svpc	Tidy	2026-04-21T16:54:19.1053112Z ##[endgroup]
Build: 3-networks-svpc	Tidy	2026-04-21T16:54:19.2561977Z go: finding module for package github.com/VitruvianSoftware/pulumi-library/pkg/vpc_sc
Build: 3-networks-svpc	Tidy	2026-04-21T16:54:23.1372741Z go: foundation-3-networks-svpc imports
Build: 3-networks-svpc	Tidy	2026-04-21T16:54:23.1375425Z 	github.com/VitruvianSoftware/pulumi-library/pkg/vpc_sc: module github.com/VitruvianSoftware/pulumi-library@latest found (v0.0.0-20260421061745-09b15eb427f9, replaced by /home/runner/work/pulumi-example-foundation/pulumi-example-foundation/_pulumi-library), but does not contain package github.com/VitruvianSoftware/pulumi-library/pkg/vpc_sc
Build: 3-networks-svpc	Tidy	2026-04-21T16:54:23.1399462Z ##[error]Process completed with exit code 1.
Build: 3-networks-hub-and-spoke	Tidy	﻿2026-04-21T16:54:18.3720325Z ##[group]Run go mod tidy
Build: 3-networks-hub-and-spoke	Tidy	2026-04-21T16:54:18.3720624Z [36;1mgo mod tidy[0m
Build: 3-networks-hub-and-spoke	Tidy	2026-04-21T16:54:18.3742748Z shell: /usr/bin/bash -e {0}
Build: 3-networks-hub-and-spoke	Tidy	2026-04-21T16:54:18.3743000Z env:
Build: 3-networks-hub-and-spoke	Tidy	2026-04-21T16:54:18.3743176Z   GOWORK: off
Build: 3-networks-hub-and-spoke	Tidy	2026-04-21T16:54:18.3743374Z ##[endgroup]
Build: 3-networks-hub-and-spoke	Tidy	2026-04-21T16:54:18.6399970Z go: finding module for package github.com/VitruvianSoftware/pulumi-library/pkg/vpc_sc
Build: 3-networks-hub-and-spoke	Tidy	2026-04-21T16:54:23.3383543Z go: found github.com/VitruvianSoftware/pulumi-library/pkg/networking in github.com/VitruvianSoftware/pulumi-library v0.0.0-00010101000000-000000000000
Build: 3-networks-hub-and-spoke	Tidy	2026-04-21T16:54:23.3592890Z go: finding module for package github.com/VitruvianSoftware/pulumi-library/pkg/vpc_sc
Build: 3-networks-hub-and-spoke	Tidy	2026-04-21T16:54:23.3623033Z go: foundation-3-networks-hub-and-spoke imports
Build: 3-networks-hub-and-spoke	Tidy	2026-04-21T16:54:23.3624685Z 	github.com/VitruvianSoftware/pulumi-library/pkg/vpc_sc: module github.com/VitruvianSoftware/pulumi-library@latest found (v0.0.0-20260421061745-09b15eb427f9, replaced by /home/runner/work/pulumi-example-foundation/pulumi-example-foundation/_pulumi-library), but does not contain package github.com/VitruvianSoftware/pulumi-library/pkg/vpc_sc
Build: 3-networks-hub-and-spoke	Tidy	2026-04-21T16:54:23.3654500Z ##[error]Process completed with exit code 1.
